ERROR - 2023-11-20 08:54:21 --> mysqli_sql_exception: Column 'id_pengurus' cannot be null in C:\xampp2\htdocs\latihan1\system\Database\MySQLi\Connection.php:306
Stack trace:
#0 C:\xampp2\htdocs\latihan1\system\Database\MySQLi\Connection.php(306): mysqli->query('INSERT INTO `tb...', 0)
#1 C:\xampp2\htdocs\latihan1\system\Database\BaseConnection.php(692): CodeIgniter\Database\MySQLi\Connection->execute('INSERT INTO `tb...')
#2 C:\xampp2\htdocs\latihan1\system\Database\BaseConnection.php(606): CodeIgniter\Database\BaseConnection->simpleQuery('INSERT INTO `tb...')
#3 C:\xampp2\htdocs\latihan1\system\Database\BaseBuilder.php(2308): CodeIgniter\Database\BaseConnection->query('INSERT INTO `tb...', Array, false)
#4 C:\xampp2\htdocs\latihan1\app\Models\ModelPengurus.php(18): CodeIgniter\Database\BaseBuilder->insert(Array)
#5 C:\xampp2\htdocs\latihan1\app\Controllers\Pengurus.php(28): App\Models\ModelPengurus->insertData(Array)
#6 C:\xampp2\htdocs\latihan1\system\CodeIgniter.php(919): App\Controllers\Pengurus->save()
#7 C:\xampp2\htdocs\latihan1\system\CodeIgniter.php(494): CodeIgniter\CodeIgniter->runController(Object(App\Controllers\Pengurus))
#8 C:\xampp2\htdocs\latihan1\system\CodeIgniter.php(353): CodeIgniter\CodeIgniter->handleRequest(NULL, Object(Config\Cache), false)
#9 C:\xampp2\htdocs\latihan1\public\index.php(79): CodeIgniter\CodeIgniter->run()
#10 C:\xampp2\htdocs\latihan1\system\Commands\Server\rewrite.php(47): require_once('C:\\xampp2\\htdoc...')
#11 {main}
CRITICAL - 2023-11-20 08:54:21 --> Column 'id_pengurus' cannot be null
in SYSTEMPATH\Database\BaseConnection.php on line 646.
 1 SYSTEMPATH\Database\BaseBuilder.php(2308): CodeIgniter\Database\BaseConnection->query('INSERT INTO `tbl_pengurus` (`id_pengurus`, `nama_pengurus`, `jabatan`, `alamat`, `no_hp`) VALUES (:id_pengurus:, :nama_pengurus:, :jabatan:, :alamat:, :no_hp:)', [...], false)
 2 APPPATH\Models\ModelPengurus.php(18): CodeIgniter\Database\BaseBuilder->insert([...])
 3 APPPATH\Controllers\Pengurus.php(28): App\Models\ModelPengurus->insertData([...])
 4 SYSTEMPATH\CodeIgniter.php(919): App\Controllers\Pengurus->save()
 5 SYSTEMPATH\CodeIgniter.php(494): CodeIgniter\CodeIgniter->runController(Object(App\Controllers\Pengurus))
 6 SYSTEMPATH\CodeIgniter.php(353): CodeIgniter\CodeIgniter->handleRequest(null, Object(Config\Cache), false)
 7 FCPATH\index.php(79): CodeIgniter\CodeIgniter->run()
 8 SYSTEMPATH\Commands\Server\rewrite.php(47): require_once('C:\\xampp2\\htdocs\\latihan1\\public\\index.php')
