INFO - 2023-12-18 04:15:20 --> Session: Class initialized using 'CodeIgniter\Session\Handlers\FileHandler' driver.
INFO - 2023-12-18 04:15:22 --> Session: Class initialized using 'CodeIgniter\Session\Handlers\FileHandler' driver.
INFO - 2023-12-18 04:22:38 --> Session: Class initialized using 'CodeIgniter\Session\Handlers\FileHandler' driver.
INFO - 2023-12-18 04:22:51 --> Session: Class initialized using 'CodeIgniter\Session\Handlers\FileHandler' driver.
INFO - 2023-12-18 04:22:52 --> Session: Class initialized using 'CodeIgniter\Session\Handlers\FileHandler' driver.
INFO - 2023-12-18 04:29:50 --> Session: Class initialized using 'CodeIgniter\Session\Handlers\FileHandler' driver.
INFO - 2023-12-18 04:31:01 --> Session: Class initialized using 'CodeIgniter\Session\Handlers\FileHandler' driver.
INFO - 2023-12-18 04:31:22 --> Session: Class initialized using 'CodeIgniter\Session\Handlers\FileHandler' driver.
INFO - 2023-12-18 04:31:22 --> Session: Class initialized using 'CodeIgniter\Session\Handlers\FileHandler' driver.
INFO - 2023-12-18 04:31:34 --> Session: Class initialized using 'CodeIgniter\Session\Handlers\FileHandler' driver.
INFO - 2023-12-18 04:31:35 --> Session: Class initialized using 'CodeIgniter\Session\Handlers\FileHandler' driver.
INFO - 2023-12-18 04:40:52 --> Session: Class initialized using 'CodeIgniter\Session\Handlers\FileHandler' driver.
INFO - 2023-12-18 04:41:18 --> Session: Class initialized using 'CodeIgniter\Session\Handlers\FileHandler' driver.
INFO - 2023-12-18 04:42:25 --> Session: Class initialized using 'CodeIgniter\Session\Handlers\FileHandler' driver.
INFO - 2023-12-18 04:42:35 --> Session: Class initialized using 'CodeIgniter\Session\Handlers\FileHandler' driver.
INFO - 2023-12-18 04:42:53 --> Session: Class initialized using 'CodeIgniter\Session\Handlers\FileHandler' driver.
INFO - 2023-12-18 04:42:54 --> Session: Class initialized using 'CodeIgniter\Session\Handlers\FileHandler' driver.
INFO - 2023-12-18 05:01:04 --> Session: Class initialized using 'CodeIgniter\Session\Handlers\FileHandler' driver.
CRITICAL - 2023-12-18 05:01:04 --> Undefined variable: u
in APPPATH\Views\layout\main.php on line 187.
 1 APPPATH\Views\layout\main.php(187): CodeIgniter\Debug\Exceptions->errorHandler(8, 'Undefined variable: u', 'C:\\xampp2\\htdocs\\latihan1\\app\\Views\\layout\\main.php', 187, [])
 2 SYSTEMPATH\View\View.php(226): include('C:\\xampp2\\htdocs\\latihan1\\app\\Views\\layout\\main.php')
 3 SYSTEMPATH\View\View.php(229): CodeIgniter\View\View->CodeIgniter\View\{closure}()
 4 SYSTEMPATH\View\View.php(242): CodeIgniter\View\View->render('layout/main', [], true)
 5 SYSTEMPATH\View\View.php(242): CodeIgniter\View\View->render('layout/menu', [], true)
 6 SYSTEMPATH\Common.php(1188): CodeIgniter\View\View->render('layout/beranda', [], true)
 7 APPPATH\Controllers\Layout.php(9): view('layout/beranda')
 8 SYSTEMPATH\CodeIgniter.php(919): App\Controllers\Layout->index()
 9 SYSTEMPATH\CodeIgniter.php(494): CodeIgniter\CodeIgniter->runController(Object(App\Controllers\Layout))
10 SYSTEMPATH\CodeIgniter.php(353): CodeIgniter\CodeIgniter->handleRequest(null, Object(Config\Cache), false)
11 FCPATH\index.php(79): CodeIgniter\CodeIgniter->run()
12 SYSTEMPATH\Commands\Server\rewrite.php(47): require_once('C:\\xampp2\\htdocs\\latihan1\\public\\index.php')
INFO - 2023-12-18 05:02:30 --> Session: Class initialized using 'CodeIgniter\Session\Handlers\FileHandler' driver.
INFO - 2023-12-18 05:04:42 --> Session: Class initialized using 'CodeIgniter\Session\Handlers\FileHandler' driver.
CRITICAL - 2023-12-18 05:04:42 --> Undefined variable: u
in APPPATH\Views\layout\main.php on line 187.
 1 APPPATH\Views\layout\main.php(187): CodeIgniter\Debug\Exceptions->errorHandler(8, 'Undefined variable: u', 'C:\\xampp2\\htdocs\\latihan1\\app\\Views\\layout\\main.php', 187, [])
 2 SYSTEMPATH\View\View.php(226): include('C:\\xampp2\\htdocs\\latihan1\\app\\Views\\layout\\main.php')
 3 SYSTEMPATH\View\View.php(229): CodeIgniter\View\View->CodeIgniter\View\{closure}()
 4 SYSTEMPATH\View\View.php(242): CodeIgniter\View\View->render('layout/main', [], true)
 5 SYSTEMPATH\View\View.php(242): CodeIgniter\View\View->render('layout/menu', [], true)
 6 SYSTEMPATH\Common.php(1188): CodeIgniter\View\View->render('layout/beranda', [], true)
 7 APPPATH\Controllers\Layout.php(9): view('layout/beranda')
 8 SYSTEMPATH\CodeIgniter.php(919): App\Controllers\Layout->index()
 9 SYSTEMPATH\CodeIgniter.php(494): CodeIgniter\CodeIgniter->runController(Object(App\Controllers\Layout))
10 SYSTEMPATH\CodeIgniter.php(353): CodeIgniter\CodeIgniter->handleRequest(null, Object(Config\Cache), false)
11 FCPATH\index.php(79): CodeIgniter\CodeIgniter->run()
12 SYSTEMPATH\Commands\Server\rewrite.php(47): require_once('C:\\xampp2\\htdocs\\latihan1\\public\\index.php')
INFO - 2023-12-18 05:04:56 --> Session: Class initialized using 'CodeIgniter\Session\Handlers\FileHandler' driver.
CRITICAL - 2023-12-18 05:04:56 --> Undefined variable: u
in APPPATH\Views\layout\main.php on line 187.
 1 APPPATH\Views\layout\main.php(187): CodeIgniter\Debug\Exceptions->errorHandler(8, 'Undefined variable: u', 'C:\\xampp2\\htdocs\\latihan1\\app\\Views\\layout\\main.php', 187, [])
 2 SYSTEMPATH\View\View.php(226): include('C:\\xampp2\\htdocs\\latihan1\\app\\Views\\layout\\main.php')
 3 SYSTEMPATH\View\View.php(229): CodeIgniter\View\View->CodeIgniter\View\{closure}()
 4 SYSTEMPATH\View\View.php(242): CodeIgniter\View\View->render('layout/main', [], true)
 5 SYSTEMPATH\View\View.php(242): CodeIgniter\View\View->render('layout/menu', [], true)
 6 SYSTEMPATH\Common.php(1188): CodeIgniter\View\View->render('layout/beranda', [], true)
 7 APPPATH\Controllers\Layout.php(9): view('layout/beranda')
 8 SYSTEMPATH\CodeIgniter.php(919): App\Controllers\Layout->index()
 9 SYSTEMPATH\CodeIgniter.php(494): CodeIgniter\CodeIgniter->runController(Object(App\Controllers\Layout))
10 SYSTEMPATH\CodeIgniter.php(353): CodeIgniter\CodeIgniter->handleRequest(null, Object(Config\Cache), false)
11 FCPATH\index.php(79): CodeIgniter\CodeIgniter->run()
12 SYSTEMPATH\Commands\Server\rewrite.php(47): require_once('C:\\xampp2\\htdocs\\latihan1\\public\\index.php')
INFO - 2023-12-18 05:05:36 --> Session: Class initialized using 'CodeIgniter\Session\Handlers\FileHandler' driver.
CRITICAL - 2023-12-18 05:05:36 --> Undefined variable: u
in APPPATH\Views\layout\main.php on line 187.
 1 APPPATH\Views\layout\main.php(187): CodeIgniter\Debug\Exceptions->errorHandler(8, 'Undefined variable: u', 'C:\\xampp2\\htdocs\\latihan1\\app\\Views\\layout\\main.php', 187, [])
 2 SYSTEMPATH\View\View.php(226): include('C:\\xampp2\\htdocs\\latihan1\\app\\Views\\layout\\main.php')
 3 SYSTEMPATH\View\View.php(229): CodeIgniter\View\View->CodeIgniter\View\{closure}()
 4 SYSTEMPATH\View\View.php(242): CodeIgniter\View\View->render('layout/main', [], true)
 5 SYSTEMPATH\View\View.php(242): CodeIgniter\View\View->render('layout/menu', [], true)
 6 SYSTEMPATH\Common.php(1188): CodeIgniter\View\View->render('layout/beranda', [], true)
 7 APPPATH\Controllers\Layout.php(9): view('layout/beranda')
 8 SYSTEMPATH\CodeIgniter.php(919): App\Controllers\Layout->index()
 9 SYSTEMPATH\CodeIgniter.php(494): CodeIgniter\CodeIgniter->runController(Object(App\Controllers\Layout))
10 SYSTEMPATH\CodeIgniter.php(353): CodeIgniter\CodeIgniter->handleRequest(null, Object(Config\Cache), false)
11 FCPATH\index.php(79): CodeIgniter\CodeIgniter->run()
12 SYSTEMPATH\Commands\Server\rewrite.php(47): require_once('C:\\xampp2\\htdocs\\latihan1\\public\\index.php')
INFO - 2023-12-18 05:08:14 --> Session: Class initialized using 'CodeIgniter\Session\Handlers\FileHandler' driver.
CRITICAL - 2023-12-18 05:08:14 --> Undefined variable: u
in APPPATH\Views\layout\main.php on line 187.
 1 APPPATH\Views\layout\main.php(187): CodeIgniter\Debug\Exceptions->errorHandler(8, 'Undefined variable: u', 'C:\\xampp2\\htdocs\\latihan1\\app\\Views\\layout\\main.php', 187, [])
 2 SYSTEMPATH\View\View.php(226): include('C:\\xampp2\\htdocs\\latihan1\\app\\Views\\layout\\main.php')
 3 SYSTEMPATH\View\View.php(229): CodeIgniter\View\View->CodeIgniter\View\{closure}()
 4 SYSTEMPATH\View\View.php(242): CodeIgniter\View\View->render('layout/main', [], true)
 5 SYSTEMPATH\View\View.php(242): CodeIgniter\View\View->render('layout/menu', [], true)
 6 SYSTEMPATH\Common.php(1188): CodeIgniter\View\View->render('layout/beranda', [], true)
 7 APPPATH\Controllers\Layout.php(9): view('layout/beranda')
 8 SYSTEMPATH\CodeIgniter.php(919): App\Controllers\Layout->index()
 9 SYSTEMPATH\CodeIgniter.php(494): CodeIgniter\CodeIgniter->runController(Object(App\Controllers\Layout))
10 SYSTEMPATH\CodeIgniter.php(353): CodeIgniter\CodeIgniter->handleRequest(null, Object(Config\Cache), false)
11 FCPATH\index.php(79): CodeIgniter\CodeIgniter->run()
12 SYSTEMPATH\Commands\Server\rewrite.php(47): require_once('C:\\xampp2\\htdocs\\latihan1\\public\\index.php')
INFO - 2023-12-18 05:10:08 --> Session: Class initialized using 'CodeIgniter\Session\Handlers\FileHandler' driver.
CRITICAL - 2023-12-18 05:10:08 --> Undefined variable: u
in APPPATH\Views\layout\main.php on line 187.
 1 APPPATH\Views\layout\main.php(187): CodeIgniter\Debug\Exceptions->errorHandler(8, 'Undefined variable: u', 'C:\\xampp2\\htdocs\\latihan1\\app\\Views\\layout\\main.php', 187, [])
 2 SYSTEMPATH\View\View.php(226): include('C:\\xampp2\\htdocs\\latihan1\\app\\Views\\layout\\main.php')
 3 SYSTEMPATH\View\View.php(229): CodeIgniter\View\View->CodeIgniter\View\{closure}()
 4 SYSTEMPATH\View\View.php(242): CodeIgniter\View\View->render('layout/main', [], true)
 5 SYSTEMPATH\View\View.php(242): CodeIgniter\View\View->render('layout/menu', [], true)
 6 SYSTEMPATH\Common.php(1188): CodeIgniter\View\View->render('layout/beranda', [], true)
 7 APPPATH\Controllers\Layout.php(9): view('layout/beranda')
 8 SYSTEMPATH\CodeIgniter.php(919): App\Controllers\Layout->index()
 9 SYSTEMPATH\CodeIgniter.php(494): CodeIgniter\CodeIgniter->runController(Object(App\Controllers\Layout))
10 SYSTEMPATH\CodeIgniter.php(353): CodeIgniter\CodeIgniter->handleRequest(null, Object(Config\Cache), false)
11 FCPATH\index.php(79): CodeIgniter\CodeIgniter->run()
12 SYSTEMPATH\Commands\Server\rewrite.php(47): require_once('C:\\xampp2\\htdocs\\latihan1\\public\\index.php')
INFO - 2023-12-18 05:10:10 --> Session: Class initialized using 'CodeIgniter\Session\Handlers\FileHandler' driver.
CRITICAL - 2023-12-18 05:10:10 --> Undefined variable: u
in APPPATH\Views\layout\main.php on line 187.
 1 APPPATH\Views\layout\main.php(187): CodeIgniter\Debug\Exceptions->errorHandler(8, 'Undefined variable: u', 'C:\\xampp2\\htdocs\\latihan1\\app\\Views\\layout\\main.php', 187, [])
 2 SYSTEMPATH\View\View.php(226): include('C:\\xampp2\\htdocs\\latihan1\\app\\Views\\layout\\main.php')
 3 SYSTEMPATH\View\View.php(229): CodeIgniter\View\View->CodeIgniter\View\{closure}()
 4 SYSTEMPATH\View\View.php(242): CodeIgniter\View\View->render('layout/main', [], true)
 5 SYSTEMPATH\View\View.php(242): CodeIgniter\View\View->render('layout/menu', [], true)
 6 SYSTEMPATH\Common.php(1188): CodeIgniter\View\View->render('layout/beranda', [], true)
 7 APPPATH\Controllers\Layout.php(9): view('layout/beranda')
 8 SYSTEMPATH\CodeIgniter.php(919): App\Controllers\Layout->index()
 9 SYSTEMPATH\CodeIgniter.php(494): CodeIgniter\CodeIgniter->runController(Object(App\Controllers\Layout))
10 SYSTEMPATH\CodeIgniter.php(353): CodeIgniter\CodeIgniter->handleRequest(null, Object(Config\Cache), false)
11 FCPATH\index.php(79): CodeIgniter\CodeIgniter->run()
12 SYSTEMPATH\Commands\Server\rewrite.php(47): require_once('C:\\xampp2\\htdocs\\latihan1\\public\\index.php')
INFO - 2023-12-18 05:10:46 --> Session: Class initialized using 'CodeIgniter\Session\Handlers\FileHandler' driver.
CRITICAL - 2023-12-18 05:10:46 --> Undefined variable: u
in APPPATH\Views\layout\main.php on line 187.
 1 APPPATH\Views\layout\main.php(187): CodeIgniter\Debug\Exceptions->errorHandler(8, 'Undefined variable: u', 'C:\\xampp2\\htdocs\\latihan1\\app\\Views\\layout\\main.php', 187, [])
 2 SYSTEMPATH\View\View.php(226): include('C:\\xampp2\\htdocs\\latihan1\\app\\Views\\layout\\main.php')
 3 SYSTEMPATH\View\View.php(229): CodeIgniter\View\View->CodeIgniter\View\{closure}()
 4 SYSTEMPATH\View\View.php(242): CodeIgniter\View\View->render('layout/main', [], true)
 5 SYSTEMPATH\View\View.php(242): CodeIgniter\View\View->render('layout/menu', [], true)
 6 SYSTEMPATH\Common.php(1188): CodeIgniter\View\View->render('layout/beranda', [], true)
 7 APPPATH\Controllers\Layout.php(9): view('layout/beranda')
 8 SYSTEMPATH\CodeIgniter.php(919): App\Controllers\Layout->index()
 9 SYSTEMPATH\CodeIgniter.php(494): CodeIgniter\CodeIgniter->runController(Object(App\Controllers\Layout))
10 SYSTEMPATH\CodeIgniter.php(353): CodeIgniter\CodeIgniter->handleRequest(null, Object(Config\Cache), false)
11 FCPATH\index.php(79): CodeIgniter\CodeIgniter->run()
12 SYSTEMPATH\Commands\Server\rewrite.php(47): require_once('C:\\xampp2\\htdocs\\latihan1\\public\\index.php')
INFO - 2023-12-18 05:10:49 --> Session: Class initialized using 'CodeIgniter\Session\Handlers\FileHandler' driver.
INFO - 2023-12-18 05:11:03 --> Session: Class initialized using 'CodeIgniter\Session\Handlers\FileHandler' driver.
INFO - 2023-12-18 05:11:04 --> Session: Class initialized using 'CodeIgniter\Session\Handlers\FileHandler' driver.
CRITICAL - 2023-12-18 05:11:04 --> Undefined variable: u
in APPPATH\Views\layout\main.php on line 187.
 1 APPPATH\Views\layout\main.php(187): CodeIgniter\Debug\Exceptions->errorHandler(8, 'Undefined variable: u', 'C:\\xampp2\\htdocs\\latihan1\\app\\Views\\layout\\main.php', 187, [])
 2 SYSTEMPATH\View\View.php(226): include('C:\\xampp2\\htdocs\\latihan1\\app\\Views\\layout\\main.php')
 3 SYSTEMPATH\View\View.php(229): CodeIgniter\View\View->CodeIgniter\View\{closure}()
 4 SYSTEMPATH\View\View.php(242): CodeIgniter\View\View->render('layout/main', [], true)
 5 SYSTEMPATH\View\View.php(242): CodeIgniter\View\View->render('layout/menu', [], true)
 6 SYSTEMPATH\Common.php(1188): CodeIgniter\View\View->render('layout/beranda', [], true)
 7 APPPATH\Controllers\Layout.php(9): view('layout/beranda')
 8 SYSTEMPATH\CodeIgniter.php(919): App\Controllers\Layout->index()
 9 SYSTEMPATH\CodeIgniter.php(494): CodeIgniter\CodeIgniter->runController(Object(App\Controllers\Layout))
10 SYSTEMPATH\CodeIgniter.php(353): CodeIgniter\CodeIgniter->handleRequest(null, Object(Config\Cache), false)
11 FCPATH\index.php(79): CodeIgniter\CodeIgniter->run()
12 SYSTEMPATH\Commands\Server\rewrite.php(47): require_once('C:\\xampp2\\htdocs\\latihan1\\public\\index.php')
INFO - 2023-12-18 05:12:50 --> Session: Class initialized using 'CodeIgniter\Session\Handlers\FileHandler' driver.
CRITICAL - 2023-12-18 05:12:50 --> Undefined variable: u
in APPPATH\Views\layout\main.php on line 187.
 1 APPPATH\Views\layout\main.php(187): CodeIgniter\Debug\Exceptions->errorHandler(8, 'Undefined variable: u', 'C:\\xampp2\\htdocs\\latihan1\\app\\Views\\layout\\main.php', 187, [])
 2 SYSTEMPATH\View\View.php(226): include('C:\\xampp2\\htdocs\\latihan1\\app\\Views\\layout\\main.php')
 3 SYSTEMPATH\View\View.php(229): CodeIgniter\View\View->CodeIgniter\View\{closure}()
 4 SYSTEMPATH\View\View.php(242): CodeIgniter\View\View->render('layout/main', [], true)
 5 SYSTEMPATH\View\View.php(242): CodeIgniter\View\View->render('layout/menu', [], true)
 6 SYSTEMPATH\Common.php(1188): CodeIgniter\View\View->render('layout/beranda', [], true)
 7 APPPATH\Controllers\Layout.php(9): view('layout/beranda')
 8 SYSTEMPATH\CodeIgniter.php(919): App\Controllers\Layout->index()
 9 SYSTEMPATH\CodeIgniter.php(494): CodeIgniter\CodeIgniter->runController(Object(App\Controllers\Layout))
10 SYSTEMPATH\CodeIgniter.php(353): CodeIgniter\CodeIgniter->handleRequest(null, Object(Config\Cache), false)
11 FCPATH\index.php(79): CodeIgniter\CodeIgniter->run()
12 SYSTEMPATH\Commands\Server\rewrite.php(47): require_once('C:\\xampp2\\htdocs\\latihan1\\public\\index.php')
INFO - 2023-12-18 05:14:29 --> Session: Class initialized using 'CodeIgniter\Session\Handlers\FileHandler' driver.
INFO - 2023-12-18 10:39:00 --> Session: Class initialized using 'CodeIgniter\Session\Handlers\FileHandler' driver.
INFO - 2023-12-18 10:39:17 --> Session: Class initialized using 'CodeIgniter\Session\Handlers\FileHandler' driver.
INFO - 2023-12-18 10:39:19 --> Session: Class initialized using 'CodeIgniter\Session\Handlers\FileHandler' driver.
INFO - 2023-12-18 10:40:26 --> Session: Class initialized using 'CodeIgniter\Session\Handlers\FileHandler' driver.
INFO - 2023-12-18 10:44:16 --> Session: Class initialized using 'CodeIgniter\Session\Handlers\FileHandler' driver.
INFO - 2023-12-18 10:45:08 --> Session: Class initialized using 'CodeIgniter\Session\Handlers\FileHandler' driver.
INFO - 2023-12-18 10:46:24 --> Session: Class initialized using 'CodeIgniter\Session\Handlers\FileHandler' driver.
INFO - 2023-12-18 10:47:29 --> Session: Class initialized using 'CodeIgniter\Session\Handlers\FileHandler' driver.
CRITICAL - 2023-12-18 10:47:29 --> Undefined variable: u
in APPPATH\Views\layout\main.php on line 187.
 1 APPPATH\Views\layout\main.php(187): CodeIgniter\Debug\Exceptions->errorHandler(8, 'Undefined variable: u', 'C:\\xampp2\\htdocs\\latihan1\\app\\Views\\layout\\main.php', 187, [])
 2 SYSTEMPATH\View\View.php(226): include('C:\\xampp2\\htdocs\\latihan1\\app\\Views\\layout\\main.php')
 3 SYSTEMPATH\View\View.php(229): CodeIgniter\View\View->CodeIgniter\View\{closure}()
 4 SYSTEMPATH\View\View.php(242): CodeIgniter\View\View->render('layout/main', [], true)
 5 SYSTEMPATH\View\View.php(242): CodeIgniter\View\View->render('layout/menu', [], true)
 6 SYSTEMPATH\Common.php(1188): CodeIgniter\View\View->render('layout/beranda', [], true)
 7 APPPATH\Controllers\Layout.php(9): view('layout/beranda')
 8 SYSTEMPATH\CodeIgniter.php(919): App\Controllers\Layout->index()
 9 SYSTEMPATH\CodeIgniter.php(494): CodeIgniter\CodeIgniter->runController(Object(App\Controllers\Layout))
10 SYSTEMPATH\CodeIgniter.php(353): CodeIgniter\CodeIgniter->handleRequest(null, Object(Config\Cache), false)
11 FCPATH\index.php(79): CodeIgniter\CodeIgniter->run()
12 SYSTEMPATH\Commands\Server\rewrite.php(47): require_once('C:\\xampp2\\htdocs\\latihan1\\public\\index.php')
INFO - 2023-12-18 10:50:34 --> Session: Class initialized using 'CodeIgniter\Session\Handlers\FileHandler' driver.
INFO - 2023-12-18 10:51:28 --> Session: Class initialized using 'CodeIgniter\Session\Handlers\FileHandler' driver.
INFO - 2023-12-18 10:51:40 --> Session: Class initialized using 'CodeIgniter\Session\Handlers\FileHandler' driver.
INFO - 2023-12-18 10:51:41 --> Session: Class initialized using 'CodeIgniter\Session\Handlers\FileHandler' driver.
INFO - 2023-12-18 10:51:50 --> Session: Class initialized using 'CodeIgniter\Session\Handlers\FileHandler' driver.
INFO - 2023-12-18 10:51:51 --> Session: Class initialized using 'CodeIgniter\Session\Handlers\FileHandler' driver.
INFO - 2023-12-18 10:53:04 --> Session: Class initialized using 'CodeIgniter\Session\Handlers\FileHandler' driver.
INFO - 2023-12-18 10:59:35 --> Session: Class initialized using 'CodeIgniter\Session\Handlers\FileHandler' driver.
INFO - 2023-12-18 11:01:30 --> Session: Class initialized using 'CodeIgniter\Session\Handlers\FileHandler' driver.
INFO - 2023-12-18 11:03:49 --> Session: Class initialized using 'CodeIgniter\Session\Handlers\FileHandler' driver.
INFO - 2023-12-18 11:04:05 --> Session: Class initialized using 'CodeIgniter\Session\Handlers\FileHandler' driver.
INFO - 2023-12-18 11:04:05 --> Session: Class initialized using 'CodeIgniter\Session\Handlers\FileHandler' driver.
INFO - 2023-12-18 11:08:55 --> Session: Class initialized using 'CodeIgniter\Session\Handlers\FileHandler' driver.
INFO - 2023-12-18 11:08:55 --> Session: Class initialized using 'CodeIgniter\Session\Handlers\FileHandler' driver.
INFO - 2023-12-18 11:09:30 --> Session: Class initialized using 'CodeIgniter\Session\Handlers\FileHandler' driver.
INFO - 2023-12-18 11:09:31 --> Session: Class initialized using 'CodeIgniter\Session\Handlers\FileHandler' driver.
INFO - 2023-12-18 11:09:42 --> Session: Class initialized using 'CodeIgniter\Session\Handlers\FileHandler' driver.
INFO - 2023-12-18 11:09:43 --> Session: Class initialized using 'CodeIgniter\Session\Handlers\FileHandler' driver.
INFO - 2023-12-18 11:10:07 --> Session: Class initialized using 'CodeIgniter\Session\Handlers\FileHandler' driver.
INFO - 2023-12-18 11:10:20 --> Session: Class initialized using 'CodeIgniter\Session\Handlers\FileHandler' driver.
INFO - 2023-12-18 11:18:09 --> Session: Class initialized using 'CodeIgniter\Session\Handlers\FileHandler' driver.
INFO - 2023-12-18 11:18:23 --> Session: Class initialized using 'CodeIgniter\Session\Handlers\FileHandler' driver.
INFO - 2023-12-18 11:18:23 --> Session: Class initialized using 'CodeIgniter\Session\Handlers\FileHandler' driver.
INFO - 2023-12-18 11:19:57 --> Session: Class initialized using 'CodeIgniter\Session\Handlers\FileHandler' driver.
INFO - 2023-12-18 11:19:57 --> Session: Class initialized using 'CodeIgniter\Session\Handlers\FileHandler' driver.
INFO - 2023-12-18 11:20:12 --> Session: Class initialized using 'CodeIgniter\Session\Handlers\FileHandler' driver.
INFO - 2023-12-18 11:20:12 --> Session: Class initialized using 'CodeIgniter\Session\Handlers\FileHandler' driver.
INFO - 2023-12-18 11:20:30 --> Session: Class initialized using 'CodeIgniter\Session\Handlers\FileHandler' driver.
INFO - 2023-12-18 11:20:58 --> Session: Class initialized using 'CodeIgniter\Session\Handlers\FileHandler' driver.
INFO - 2023-12-18 11:21:06 --> Session: Class initialized using 'CodeIgniter\Session\Handlers\FileHandler' driver.
INFO - 2023-12-18 11:21:07 --> Session: Class initialized using 'CodeIgniter\Session\Handlers\FileHandler' driver.
INFO - 2023-12-18 11:21:11 --> Session: Class initialized using 'CodeIgniter\Session\Handlers\FileHandler' driver.
INFO - 2023-12-18 11:24:55 --> Session: Class initialized using 'CodeIgniter\Session\Handlers\FileHandler' driver.
INFO - 2023-12-18 11:25:05 --> Session: Class initialized using 'CodeIgniter\Session\Handlers\FileHandler' driver.
INFO - 2023-12-18 11:25:15 --> Session: Class initialized using 'CodeIgniter\Session\Handlers\FileHandler' driver.
INFO - 2023-12-18 11:25:19 --> Session: Class initialized using 'CodeIgniter\Session\Handlers\FileHandler' driver.
INFO - 2023-12-18 11:25:26 --> Session: Class initialized using 'CodeIgniter\Session\Handlers\FileHandler' driver.
INFO - 2023-12-18 11:27:30 --> Session: Class initialized using 'CodeIgniter\Session\Handlers\FileHandler' driver.
INFO - 2023-12-18 11:28:20 --> Session: Class initialized using 'CodeIgniter\Session\Handlers\FileHandler' driver.
INFO - 2023-12-18 11:28:26 --> Session: Class initialized using 'CodeIgniter\Session\Handlers\FileHandler' driver.
INFO - 2023-12-18 11:28:32 --> Session: Class initialized using 'CodeIgniter\Session\Handlers\FileHandler' driver.
INFO - 2023-12-18 11:28:36 --> Session: Class initialized using 'CodeIgniter\Session\Handlers\FileHandler' driver.
INFO - 2023-12-18 11:28:40 --> Session: Class initialized using 'CodeIgniter\Session\Handlers\FileHandler' driver.
INFO - 2023-12-18 12:06:03 --> Session: Class initialized using 'CodeIgniter\Session\Handlers\FileHandler' driver.
INFO - 2023-12-18 12:06:55 --> Session: Class initialized using 'CodeIgniter\Session\Handlers\FileHandler' driver.
INFO - 2023-12-18 12:09:58 --> Session: Class initialized using 'CodeIgniter\Session\Handlers\FileHandler' driver.
CRITICAL - 2023-12-18 12:21:55 --> Undefined variable: data
in APPPATH\Views\pengurus\v_user.php on line 49.
 1 APPPATH\Views\pengurus\v_user.php(49): CodeIgniter\Debug\Exceptions->errorHandler(8, 'Undefined variable: data', 'C:\\xampp2\\htdocs\\latihan1\\app\\Views\\pengurus\\v_user.php', 49, [...])
 2 SYSTEMPATH\View\View.php(226): include('C:\\xampp2\\htdocs\\latihan1\\app\\Views\\pengurus\\v_user.php')
 3 SYSTEMPATH\View\View.php(229): CodeIgniter\View\View->CodeIgniter\View\{closure}()
 4 SYSTEMPATH\Common.php(1188): CodeIgniter\View\View->render('pengurus/v_user', [], true)
 5 APPPATH\Controllers\User.php(13): view('pengurus/v_user', [...])
 6 SYSTEMPATH\CodeIgniter.php(919): App\Controllers\User->index()
 7 SYSTEMPATH\CodeIgniter.php(494): CodeIgniter\CodeIgniter->runController(Object(App\Controllers\User))
 8 SYSTEMPATH\CodeIgniter.php(353): CodeIgniter\CodeIgniter->handleRequest(null, Object(Config\Cache), false)
 9 FCPATH\index.php(79): CodeIgniter\CodeIgniter->run()
10 SYSTEMPATH\Commands\Server\rewrite.php(47): require_once('C:\\xampp2\\htdocs\\latihan1\\public\\index.php')
CRITICAL - 2023-12-18 12:22:28 --> Undefined variable: model
in APPPATH\Views\pengurus\v_user.php on line 48.
 1 APPPATH\Views\pengurus\v_user.php(48): CodeIgniter\Debug\Exceptions->errorHandler(8, 'Undefined variable: model', 'C:\\xampp2\\htdocs\\latihan1\\app\\Views\\pengurus\\v_user.php', 48, [...])
 2 SYSTEMPATH\View\View.php(226): include('C:\\xampp2\\htdocs\\latihan1\\app\\Views\\pengurus\\v_user.php')
 3 SYSTEMPATH\View\View.php(229): CodeIgniter\View\View->CodeIgniter\View\{closure}()
 4 SYSTEMPATH\Common.php(1188): CodeIgniter\View\View->render('pengurus/v_user', [], true)
 5 APPPATH\Controllers\User.php(13): view('pengurus/v_user', [...])
 6 SYSTEMPATH\CodeIgniter.php(919): App\Controllers\User->index()
 7 SYSTEMPATH\CodeIgniter.php(494): CodeIgniter\CodeIgniter->runController(Object(App\Controllers\User))
 8 SYSTEMPATH\CodeIgniter.php(353): CodeIgniter\CodeIgniter->handleRequest(null, Object(Config\Cache), false)
 9 FCPATH\index.php(79): CodeIgniter\CodeIgniter->run()
10 SYSTEMPATH\Commands\Server\rewrite.php(47): require_once('C:\\xampp2\\htdocs\\latihan1\\public\\index.php')
INFO - 2023-12-18 12:24:09 --> Session: Class initialized using 'CodeIgniter\Session\Handlers\FileHandler' driver.
INFO - 2023-12-18 12:24:27 --> Session: Class initialized using 'CodeIgniter\Session\Handlers\FileHandler' driver.
INFO - 2023-12-18 12:24:36 --> Session: Class initialized using 'CodeIgniter\Session\Handlers\FileHandler' driver.
INFO - 2023-12-18 12:27:39 --> Session: Class initialized using 'CodeIgniter\Session\Handlers\FileHandler' driver.
INFO - 2023-12-18 12:37:19 --> Session: Class initialized using 'CodeIgniter\Session\Handlers\FileHandler' driver.
INFO - 2023-12-18 12:41:33 --> Session: Class initialized using 'CodeIgniter\Session\Handlers\FileHandler' driver.
INFO - 2023-12-18 12:42:22 --> Session: Class initialized using 'CodeIgniter\Session\Handlers\FileHandler' driver.
INFO - 2023-12-18 12:42:38 --> Session: Class initialized using 'CodeIgniter\Session\Handlers\FileHandler' driver.
INFO - 2023-12-18 12:42:56 --> Session: Class initialized using 'CodeIgniter\Session\Handlers\FileHandler' driver.
INFO - 2023-12-18 12:43:50 --> Session: Class initialized using 'CodeIgniter\Session\Handlers\FileHandler' driver.
INFO - 2023-12-18 12:44:16 --> Session: Class initialized using 'CodeIgniter\Session\Handlers\FileHandler' driver.
INFO - 2023-12-18 12:45:18 --> Session: Class initialized using 'CodeIgniter\Session\Handlers\FileHandler' driver.
INFO - 2023-12-18 12:45:41 --> Session: Class initialized using 'CodeIgniter\Session\Handlers\FileHandler' driver.
INFO - 2023-12-18 12:45:45 --> Session: Class initialized using 'CodeIgniter\Session\Handlers\FileHandler' driver.
INFO - 2023-12-18 12:45:53 --> Session: Class initialized using 'CodeIgniter\Session\Handlers\FileHandler' driver.
INFO - 2023-12-18 12:45:53 --> Session: Class initialized using 'CodeIgniter\Session\Handlers\FileHandler' driver.
INFO - 2023-12-18 12:46:02 --> Session: Class initialized using 'CodeIgniter\Session\Handlers\FileHandler' driver.
INFO - 2023-12-18 12:46:03 --> Session: Class initialized using 'CodeIgniter\Session\Handlers\FileHandler' driver.
INFO - 2023-12-18 12:46:11 --> Session: Class initialized using 'CodeIgniter\Session\Handlers\FileHandler' driver.
INFO - 2023-12-18 12:46:12 --> Session: Class initialized using 'CodeIgniter\Session\Handlers\FileHandler' driver.
