INFO - 2024-01-27 07:59:17 --> Session: Class initialized using 'CodeIgniter\Session\Handlers\FileHandler' driver.
INFO - 2024-01-27 08:00:42 --> Session: Class initialized using 'CodeIgniter\Session\Handlers\FileHandler' driver.
INFO - 2024-01-27 08:00:47 --> Session: Class initialized using 'CodeIgniter\Session\Handlers\FileHandler' driver.
ERROR - 2024-01-27 08:01:48 --> mysqli_sql_exception: Cannot add or update a child row: a foreign key constraint fails (`dbpenjualan2110038`.`tbl_pesanan`, CONSTRAINT `tbl_pesanan_ibfk_1` FOREIGN KEY (`iduser`) REFERENCES `tbl_user` (`id_user`)) in C:\xampp2\htdocs\kasirpenjualan\system\Database\MySQLi\Connection.php:306
Stack trace:
#0 C:\xampp2\htdocs\kasirpenjualan\system\Database\MySQLi\Connection.php(306): mysqli->query('INSERT INTO `tb...', 0)
#1 C:\xampp2\htdocs\kasirpenjualan\system\Database\BaseConnection.php(692): CodeIgniter\Database\MySQLi\Connection->execute('INSERT INTO `tb...')
#2 C:\xampp2\htdocs\kasirpenjualan\system\Database\BaseConnection.php(606): CodeIgniter\Database\BaseConnection->simpleQuery('INSERT INTO `tb...')
#3 C:\xampp2\htdocs\kasirpenjualan\system\Database\BaseBuilder.php(2308): CodeIgniter\Database\BaseConnection->query('INSERT INTO `tb...', Array, false)
#4 C:\xampp2\htdocs\kasirpenjualan\app\Models\ModelPenjualan.php(27): CodeIgniter\Database\BaseBuilder->insert(Array)
#5 C:\xampp2\htdocs\kasirpenjualan\app\Controllers\Penjualan.php(27): App\Models\ModelPenjualan->insertData(Array)
#6 C:\xampp2\htdocs\kasirpenjualan\system\CodeIgniter.php(919): App\Controllers\Penjualan->save()
#7 C:\xampp2\htdocs\kasirpenjualan\system\CodeIgniter.php(494): CodeIgniter\CodeIgniter->runController(Object(App\Controllers\Penjualan))
#8 C:\xampp2\htdocs\kasirpenjualan\system\CodeIgniter.php(353): CodeIgniter\CodeIgniter->handleRequest(NULL, Object(Config\Cache), false)
#9 C:\xampp2\htdocs\kasirpenjualan\public\index.php(79): CodeIgniter\CodeIgniter->run()
#10 C:\xampp2\htdocs\kasirpenjualan\system\Commands\Server\rewrite.php(47): require_once('C:\\xampp2\\htdoc...')
#11 {main}
CRITICAL - 2024-01-27 08:01:48 --> Cannot add or update a child row: a foreign key constraint fails (`dbpenjualan2110038`.`tbl_pesanan`, CONSTRAINT `tbl_pesanan_ibfk_1` FOREIGN KEY (`iduser`) REFERENCES `tbl_user` (`id_user`))
in SYSTEMPATH\Database\BaseConnection.php on line 646.
 1 SYSTEMPATH\Database\BaseBuilder.php(2308): CodeIgniter\Database\BaseConnection->query('INSERT INTO `tbl_pesanan` (`tanggal`, `iduser`, `total`) VALUES (:tanggal:, :iduser:, :total:)', [...], false)
 2 APPPATH\Models\ModelPenjualan.php(27): CodeIgniter\Database\BaseBuilder->insert([...])
 3 APPPATH\Controllers\Penjualan.php(27): App\Models\ModelPenjualan->insertData([...])
 4 SYSTEMPATH\CodeIgniter.php(919): App\Controllers\Penjualan->save()
 5 SYSTEMPATH\CodeIgniter.php(494): CodeIgniter\CodeIgniter->runController(Object(App\Controllers\Penjualan))
 6 SYSTEMPATH\CodeIgniter.php(353): CodeIgniter\CodeIgniter->handleRequest(null, Object(Config\Cache), false)
 7 FCPATH\index.php(79): CodeIgniter\CodeIgniter->run()
 8 SYSTEMPATH\Commands\Server\rewrite.php(47): require_once('C:\\xampp2\\htdocs\\kasirpenjualan\\public\\index.php')
INFO - 2024-01-27 08:02:24 --> Session: Class initialized using 'CodeIgniter\Session\Handlers\FileHandler' driver.
INFO - 2024-01-27 08:02:32 --> Session: Class initialized using 'CodeIgniter\Session\Handlers\FileHandler' driver.
INFO - 2024-01-27 08:02:33 --> Session: Class initialized using 'CodeIgniter\Session\Handlers\FileHandler' driver.
INFO - 2024-01-27 08:02:39 --> Session: Class initialized using 'CodeIgniter\Session\Handlers\FileHandler' driver.
INFO - 2024-01-27 08:02:43 --> Session: Class initialized using 'CodeIgniter\Session\Handlers\FileHandler' driver.
CRITICAL - 2024-01-27 08:03:23 --> Undefined variable: i
in APPPATH\Controllers\Penjualan.php on line 30.
 1 APPPATH\Controllers\Penjualan.php(30): CodeIgniter\Debug\Exceptions->errorHandler(8, 'Undefined variable: i', 'C:\\xampp2\\htdocs\\kasirpenjualan\\app\\Controllers\\Penjualan.php', 30, [...])
 2 SYSTEMPATH\CodeIgniter.php(919): App\Controllers\Penjualan->save()
 3 SYSTEMPATH\CodeIgniter.php(494): CodeIgniter\CodeIgniter->runController(Object(App\Controllers\Penjualan))
 4 SYSTEMPATH\CodeIgniter.php(353): CodeIgniter\CodeIgniter->handleRequest(null, Object(Config\Cache), false)
 5 FCPATH\index.php(79): CodeIgniter\CodeIgniter->run()
 6 SYSTEMPATH\Commands\Server\rewrite.php(47): require_once('C:\\xampp2\\htdocs\\kasirpenjualan\\public\\index.php')
CRITICAL - 2024-01-27 08:04:06 --> Undefined variable: produk
in APPPATH\Controllers\Penjualan.php on line 43.
 1 APPPATH\Controllers\Penjualan.php(43): CodeIgniter\Debug\Exceptions->errorHandler(8, 'Undefined variable: produk', 'C:\\xampp2\\htdocs\\kasirpenjualan\\app\\Controllers\\Penjualan.php', 43, [...])
 2 SYSTEMPATH\CodeIgniter.php(919): App\Controllers\Penjualan->save()
 3 SYSTEMPATH\CodeIgniter.php(494): CodeIgniter\CodeIgniter->runController(Object(App\Controllers\Penjualan))
 4 SYSTEMPATH\CodeIgniter.php(353): CodeIgniter\CodeIgniter->handleRequest(null, Object(Config\Cache), false)
 5 FCPATH\index.php(79): CodeIgniter\CodeIgniter->run()
 6 SYSTEMPATH\Commands\Server\rewrite.php(47): require_once('C:\\xampp2\\htdocs\\kasirpenjualan\\public\\index.php')
CRITICAL - 2024-01-27 08:08:40 --> Undefined variable: id_produk
in APPPATH\Controllers\Penjualan.php on line 43.
 1 APPPATH\Controllers\Penjualan.php(43): CodeIgniter\Debug\Exceptions->errorHandler(8, 'Undefined variable: id_produk', 'C:\\xampp2\\htdocs\\kasirpenjualan\\app\\Controllers\\Penjualan.php', 43, [...])
 2 SYSTEMPATH\CodeIgniter.php(919): App\Controllers\Penjualan->save()
 3 SYSTEMPATH\CodeIgniter.php(494): CodeIgniter\CodeIgniter->runController(Object(App\Controllers\Penjualan))
 4 SYSTEMPATH\CodeIgniter.php(353): CodeIgniter\CodeIgniter->handleRequest(null, Object(Config\Cache), false)
 5 FCPATH\index.php(79): CodeIgniter\CodeIgniter->run()
 6 SYSTEMPATH\Commands\Server\rewrite.php(47): require_once('C:\\xampp2\\htdocs\\kasirpenjualan\\public\\index.php')
CRITICAL - 2024-01-27 08:09:28 --> Undefined variable: idproduk
in APPPATH\Controllers\Penjualan.php on line 36.
 1 APPPATH\Controllers\Penjualan.php(36): CodeIgniter\Debug\Exceptions->errorHandler(8, 'Undefined variable: idproduk', 'C:\\xampp2\\htdocs\\kasirpenjualan\\app\\Controllers\\Penjualan.php', 36, [...])
 2 SYSTEMPATH\CodeIgniter.php(919): App\Controllers\Penjualan->save()
 3 SYSTEMPATH\CodeIgniter.php(494): CodeIgniter\CodeIgniter->runController(Object(App\Controllers\Penjualan))
 4 SYSTEMPATH\CodeIgniter.php(353): CodeIgniter\CodeIgniter->handleRequest(null, Object(Config\Cache), false)
 5 FCPATH\index.php(79): CodeIgniter\CodeIgniter->run()
 6 SYSTEMPATH\Commands\Server\rewrite.php(47): require_once('C:\\xampp2\\htdocs\\kasirpenjualan\\public\\index.php')
CRITICAL - 2024-01-27 08:09:46 --> Trying to get property 'stok' of non-object
in APPPATH\Controllers\Penjualan.php on line 44.
 1 APPPATH\Controllers\Penjualan.php(44): CodeIgniter\Debug\Exceptions->errorHandler(8, 'Trying to get property \'stok\' of non-object', 'C:\\xampp2\\htdocs\\kasirpenjualan\\app\\Controllers\\Penjualan.php', 44, [...])
 2 SYSTEMPATH\CodeIgniter.php(919): App\Controllers\Penjualan->save()
 3 SYSTEMPATH\CodeIgniter.php(494): CodeIgniter\CodeIgniter->runController(Object(App\Controllers\Penjualan))
 4 SYSTEMPATH\CodeIgniter.php(353): CodeIgniter\CodeIgniter->handleRequest(null, Object(Config\Cache), false)
 5 FCPATH\index.php(79): CodeIgniter\CodeIgniter->run()
 6 SYSTEMPATH\Commands\Server\rewrite.php(47): require_once('C:\\xampp2\\htdocs\\kasirpenjualan\\public\\index.php')
INFO - 2024-01-27 08:15:39 --> Session: Class initialized using 'CodeIgniter\Session\Handlers\FileHandler' driver.
INFO - 2024-01-27 08:16:04 --> Session: Class initialized using 'CodeIgniter\Session\Handlers\FileHandler' driver.
INFO - 2024-01-27 08:16:09 --> Session: Class initialized using 'CodeIgniter\Session\Handlers\FileHandler' driver.
INFO - 2024-01-27 08:17:49 --> Session: Class initialized using 'CodeIgniter\Session\Handlers\FileHandler' driver.
INFO - 2024-01-27 08:28:36 --> Session: Class initialized using 'CodeIgniter\Session\Handlers\FileHandler' driver.
INFO - 2024-01-27 08:29:24 --> Session: Class initialized using 'CodeIgniter\Session\Handlers\FileHandler' driver.
INFO - 2024-01-27 08:31:00 --> Session: Class initialized using 'CodeIgniter\Session\Handlers\FileHandler' driver.
INFO - 2024-01-27 08:33:05 --> Session: Class initialized using 'CodeIgniter\Session\Handlers\FileHandler' driver.
INFO - 2024-01-27 08:33:58 --> Session: Class initialized using 'CodeIgniter\Session\Handlers\FileHandler' driver.
INFO - 2024-01-27 08:41:43 --> Session: Class initialized using 'CodeIgniter\Session\Handlers\FileHandler' driver.
INFO - 2024-01-27 08:43:01 --> Session: Class initialized using 'CodeIgniter\Session\Handlers\FileHandler' driver.
INFO - 2024-01-27 08:45:39 --> Session: Class initialized using 'CodeIgniter\Session\Handlers\FileHandler' driver.
INFO - 2024-01-27 08:50:44 --> Session: Class initialized using 'CodeIgniter\Session\Handlers\FileHandler' driver.
INFO - 2024-01-27 08:50:55 --> Session: Class initialized using 'CodeIgniter\Session\Handlers\FileHandler' driver.
CRITICAL - 2024-01-27 08:51:04 --> You must set the database table to be used with your query.
in SYSTEMPATH\Database\BaseConnection.php on line 883.
 1 SYSTEMPATH\Model.php(635): CodeIgniter\Database\BaseConnection->table(null)
 2 SYSTEMPATH\Model.php(863): CodeIgniter\Model->builder()
 3 APPPATH\Controllers\Produk.php(76): CodeIgniter\Model->__call('updateDataStok', [...])
 4 SYSTEMPATH\CodeIgniter.php(919): App\Controllers\Produk->updateStok()
 5 SYSTEMPATH\CodeIgniter.php(494): CodeIgniter\CodeIgniter->runController(Object(App\Controllers\Produk))
 6 SYSTEMPATH\CodeIgniter.php(353): CodeIgniter\CodeIgniter->handleRequest(null, Object(Config\Cache), false)
 7 FCPATH\index.php(79): CodeIgniter\CodeIgniter->run()
 8 SYSTEMPATH\Commands\Server\rewrite.php(47): require_once('C:\\xampp2\\htdocs\\kasirpenjualan\\public\\index.php')
INFO - 2024-01-27 08:52:31 --> Session: Class initialized using 'CodeIgniter\Session\Handlers\FileHandler' driver.
INFO - 2024-01-27 08:53:19 --> Session: Class initialized using 'CodeIgniter\Session\Handlers\FileHandler' driver.
INFO - 2024-01-27 08:56:58 --> Session: Class initialized using 'CodeIgniter\Session\Handlers\FileHandler' driver.
INFO - 2024-01-27 08:57:03 --> Session: Class initialized using 'CodeIgniter\Session\Handlers\FileHandler' driver.
INFO - 2024-01-27 08:57:14 --> Session: Class initialized using 'CodeIgniter\Session\Handlers\FileHandler' driver.
INFO - 2024-01-27 08:58:52 --> Session: Class initialized using 'CodeIgniter\Session\Handlers\FileHandler' driver.
INFO - 2024-01-27 08:59:10 --> Session: Class initialized using 'CodeIgniter\Session\Handlers\FileHandler' driver.
CRITICAL - 2024-01-27 08:59:55 --> Undefined offset: 0
in APPPATH\Views\pengurus\v_detail_penjualan.php on line 28.
 1 APPPATH\Views\pengurus\v_detail_penjualan.php(28): CodeIgniter\Debug\Exceptions->errorHandler(8, 'Undefined offset: 0', 'C:\\xampp2\\htdocs\\kasirpenjualan\\app\\Views\\pengurus\\v_detail_penjualan.php', 28, [...])
 2 SYSTEMPATH\View\View.php(226): include('C:\\xampp2\\htdocs\\kasirpenjualan\\app\\Views\\pengurus\\v_detail_penjualan.php')
 3 SYSTEMPATH\View\View.php(229): CodeIgniter\View\View->CodeIgniter\View\{closure}()
 4 SYSTEMPATH\Common.php(1188): CodeIgniter\View\View->render('pengurus/v_detail_penjualan', [], true)
 5 APPPATH\Controllers\Penjualan.php(91): view('pengurus/v_detail_penjualan', [...])
 6 SYSTEMPATH\CodeIgniter.php(919): App\Controllers\Penjualan->detail('100001')
 7 SYSTEMPATH\CodeIgniter.php(494): CodeIgniter\CodeIgniter->runController(Object(App\Controllers\Penjualan))
 8 SYSTEMPATH\CodeIgniter.php(353): CodeIgniter\CodeIgniter->handleRequest(null, Object(Config\Cache), false)
 9 FCPATH\index.php(79): CodeIgniter\CodeIgniter->run()
10 SYSTEMPATH\Commands\Server\rewrite.php(47): require_once('C:\\xampp2\\htdocs\\kasirpenjualan\\public\\index.php')
INFO - 2024-01-27 09:00:01 --> Session: Class initialized using 'CodeIgniter\Session\Handlers\FileHandler' driver.
INFO - 2024-01-27 09:00:06 --> Session: Class initialized using 'CodeIgniter\Session\Handlers\FileHandler' driver.
INFO - 2024-01-27 09:00:09 --> Session: Class initialized using 'CodeIgniter\Session\Handlers\FileHandler' driver.
INFO - 2024-01-27 09:00:14 --> Session: Class initialized using 'CodeIgniter\Session\Handlers\FileHandler' driver.
INFO - 2024-01-27 10:37:07 --> Session: Class initialized using 'CodeIgniter\Session\Handlers\FileHandler' driver.
INFO - 2024-01-27 10:37:10 --> Session: Class initialized using 'CodeIgniter\Session\Handlers\FileHandler' driver.
INFO - 2024-01-27 10:37:31 --> Session: Class initialized using 'CodeIgniter\Session\Handlers\FileHandler' driver.
INFO - 2024-01-27 10:58:01 --> Session: Class initialized using 'CodeIgniter\Session\Handlers\FileHandler' driver.
INFO - 2024-01-27 11:08:55 --> Session: Class initialized using 'CodeIgniter\Session\Handlers\FileHandler' driver.
INFO - 2024-01-27 11:09:14 --> Session: Class initialized using 'CodeIgniter\Session\Handlers\FileHandler' driver.
INFO - 2024-01-27 11:09:28 --> Session: Class initialized using 'CodeIgniter\Session\Handlers\FileHandler' driver.
INFO - 2024-01-27 11:09:37 --> Session: Class initialized using 'CodeIgniter\Session\Handlers\FileHandler' driver.
INFO - 2024-01-27 11:09:41 --> Session: Class initialized using 'CodeIgniter\Session\Handlers\FileHandler' driver.
INFO - 2024-01-27 11:09:45 --> Session: Class initialized using 'CodeIgniter\Session\Handlers\FileHandler' driver.
INFO - 2024-01-27 11:13:20 --> Session: Class initialized using 'CodeIgniter\Session\Handlers\FileHandler' driver.
INFO - 2024-01-27 11:23:58 --> Session: Class initialized using 'CodeIgniter\Session\Handlers\FileHandler' driver.
INFO - 2024-01-27 11:24:56 --> Session: Class initialized using 'CodeIgniter\Session\Handlers\FileHandler' driver.
INFO - 2024-01-27 11:25:02 --> Session: Class initialized using 'CodeIgniter\Session\Handlers\FileHandler' driver.
CRITICAL - 2024-01-27 11:25:15 --> Class 'App\Controllers\Modelkasmasuk' not found
in APPPATH\Controllers\Penjualan.php on line 115.
 1 SYSTEMPATH\CodeIgniter.php(919): App\Controllers\Penjualan->cetaklaporanperperiode()
 2 SYSTEMPATH\CodeIgniter.php(494): CodeIgniter\CodeIgniter->runController(Object(App\Controllers\Penjualan))
 3 SYSTEMPATH\CodeIgniter.php(353): CodeIgniter\CodeIgniter->handleRequest(null, Object(Config\Cache), false)
 4 FCPATH\index.php(79): CodeIgniter\CodeIgniter->run()
 5 SYSTEMPATH\Commands\Server\rewrite.php(47): require_once('C:\\xampp2\\htdocs\\kasirpenjualan\\public\\index.php')
CRITICAL - 2024-01-27 11:25:41 --> Undefined variable: builder
in APPPATH\Models\ModelPenjualan.php on line 66.
 1 APPPATH\Models\ModelPenjualan.php(66): CodeIgniter\Debug\Exceptions->errorHandler(8, 'Undefined variable: builder', 'C:\\xampp2\\htdocs\\kasirpenjualan\\app\\Models\\ModelPenjualan.php', 66, [...])
 2 APPPATH\Controllers\Penjualan.php(119): App\Models\ModelPenjualan->getLaporanperperiode('2024-01-26', '2024-01-29')
 3 SYSTEMPATH\CodeIgniter.php(919): App\Controllers\Penjualan->cetaklaporanperperiode()
 4 SYSTEMPATH\CodeIgniter.php(494): CodeIgniter\CodeIgniter->runController(Object(App\Controllers\Penjualan))
 5 SYSTEMPATH\CodeIgniter.php(353): CodeIgniter\CodeIgniter->handleRequest(null, Object(Config\Cache), false)
 6 FCPATH\index.php(79): CodeIgniter\CodeIgniter->run()
 7 SYSTEMPATH\Commands\Server\rewrite.php(47): require_once('C:\\xampp2\\htdocs\\kasirpenjualan\\public\\index.php')
INFO - 2024-01-27 11:26:32 --> Session: Class initialized using 'CodeIgniter\Session\Handlers\FileHandler' driver.
INFO - 2024-01-27 11:33:00 --> Session: Class initialized using 'CodeIgniter\Session\Handlers\FileHandler' driver.
INFO - 2024-01-27 11:33:07 --> Session: Class initialized using 'CodeIgniter\Session\Handlers\FileHandler' driver.
CRITICAL - 2024-01-27 11:33:18 --> Undefined index: iduser
in APPPATH\Views\pengurus\vcetaklaporanperperiodedetail.php on line 59.
 1 APPPATH\Views\pengurus\vcetaklaporanperperiodedetail.php(59): CodeIgniter\Debug\Exceptions->errorHandler(8, 'Undefined index: iduser', 'C:\\xampp2\\htdocs\\kasirpenjualan\\app\\Views\\pengurus\\vcetaklaporanperperiodedetail.php', 59, [...])
 2 SYSTEMPATH\View\View.php(226): include('C:\\xampp2\\htdocs\\kasirpenjualan\\app\\Views\\pengurus\\vcetaklaporanperperiodedetail.php')
 3 SYSTEMPATH\View\View.php(229): CodeIgniter\View\View->CodeIgniter\View\{closure}()
 4 SYSTEMPATH\Common.php(1188): CodeIgniter\View\View->render('pengurus/vcetaklaporanperperiodedetail', [], true)
 5 APPPATH\Controllers\Penjualan.php(145): view('pengurus/vcetaklaporanperperiodedetail', [...])
 6 SYSTEMPATH\CodeIgniter.php(919): App\Controllers\Penjualan->cetaklaporanperperiodedetail()
 7 SYSTEMPATH\CodeIgniter.php(494): CodeIgniter\CodeIgniter->runController(Object(App\Controllers\Penjualan))
 8 SYSTEMPATH\CodeIgniter.php(353): CodeIgniter\CodeIgniter->handleRequest(null, Object(Config\Cache), false)
 9 FCPATH\index.php(79): CodeIgniter\CodeIgniter->run()
10 SYSTEMPATH\Commands\Server\rewrite.php(47): require_once('C:\\xampp2\\htdocs\\kasirpenjualan\\public\\index.php')
INFO - 2024-01-27 11:34:10 --> Session: Class initialized using 'CodeIgniter\Session\Handlers\FileHandler' driver.
INFO - 2024-01-27 11:35:31 --> Session: Class initialized using 'CodeIgniter\Session\Handlers\FileHandler' driver.
INFO - 2024-01-27 11:36:53 --> Session: Class initialized using 'CodeIgniter\Session\Handlers\FileHandler' driver.
