ERROR - 2024-01-10 04:42:50 --> mysqli_sql_exception: Table 'dbmasjid_2110038.tbl_donatur' doesn't exist in C:\xampp2\htdocs\digitalmasjid\system\Database\MySQLi\Connection.php:306
Stack trace:
#0 C:\xampp2\htdocs\digitalmasjid\system\Database\MySQLi\Connection.php(306): mysqli->query('SELECT *\nFROM `...', 0)
#1 C:\xampp2\htdocs\digitalmasjid\system\Database\BaseConnection.php(692): CodeIgniter\Database\MySQLi\Connection->execute('SELECT *\nFROM `...')
#2 C:\xampp2\htdocs\digitalmasjid\system\Database\BaseConnection.php(606): CodeIgniter\Database\BaseConnection->simpleQuery('SELECT *\nFROM `...')
#3 C:\xampp2\htdocs\digitalmasjid\system\Database\BaseBuilder.php(1615): CodeIgniter\Database\BaseConnection->query('SELECT *\nFROM `...', Array, false)
#4 C:\xampp2\htdocs\digitalmasjid\app\Models\ModelDonatur.php(12): CodeIgniter\Database\BaseBuilder->get()
#5 C:\xampp2\htdocs\digitalmasjid\app\Controllers\Donatur.php(12): App\Models\ModelDonatur->getDonatur()
#6 C:\xampp2\htdocs\digitalmasjid\system\CodeIgniter.php(919): App\Controllers\Donatur->index()
#7 C:\xampp2\htdocs\digitalmasjid\system\CodeIgniter.php(494): CodeIgniter\CodeIgniter->runController(Object(App\Controllers\Donatur))
#8 C:\xampp2\htdocs\digitalmasjid\system\CodeIgniter.php(353): CodeIgniter\CodeIgniter->handleRequest(NULL, Object(Config\Cache), false)
#9 C:\xampp2\htdocs\digitalmasjid\public\index.php(79): CodeIgniter\CodeIgniter->run()
#10 C:\xampp2\htdocs\digitalmasjid\system\Commands\Server\rewrite.php(47): require_once('C:\\xampp2\\htdoc...')
#11 {main}
CRITICAL - 2024-01-10 04:42:50 --> Table 'dbmasjid_2110038.tbl_donatur' doesn't exist
in SYSTEMPATH\Database\BaseConnection.php on line 646.
 1 SYSTEMPATH\Database\BaseBuilder.php(1615): CodeIgniter\Database\BaseConnection->query('SELECT *
FROM `tbl_donatur`', [], false)
 2 APPPATH\Models\ModelDonatur.php(12): CodeIgniter\Database\BaseBuilder->get()
 3 APPPATH\Controllers\Donatur.php(12): App\Models\ModelDonatur->getDonatur()
 4 SYSTEMPATH\CodeIgniter.php(919): App\Controllers\Donatur->index()
 5 SYSTEMPATH\CodeIgniter.php(494): CodeIgniter\CodeIgniter->runController(Object(App\Controllers\Donatur))
 6 SYSTEMPATH\CodeIgniter.php(353): CodeIgniter\CodeIgniter->handleRequest(null, Object(Config\Cache), false)
 7 FCPATH\index.php(79): CodeIgniter\CodeIgniter->run()
 8 SYSTEMPATH\Commands\Server\rewrite.php(47): require_once('C:\\xampp2\\htdocs\\digitalmasjid\\public\\index.php')
INFO - 2024-01-10 04:43:58 --> Session: Class initialized using 'CodeIgniter\Session\Handlers\FileHandler' driver.
INFO - 2024-01-10 04:44:38 --> Session: Class initialized using 'CodeIgniter\Session\Handlers\FileHandler' driver.
INFO - 2024-01-10 04:44:47 --> Session: Class initialized using 'CodeIgniter\Session\Handlers\FileHandler' driver.
INFO - 2024-01-10 04:45:50 --> Session: Class initialized using 'CodeIgniter\Session\Handlers\FileHandler' driver.
INFO - 2024-01-10 04:46:03 --> Session: Class initialized using 'CodeIgniter\Session\Handlers\FileHandler' driver.
INFO - 2024-01-10 04:46:40 --> Session: Class initialized using 'CodeIgniter\Session\Handlers\FileHandler' driver.
ERROR - 2024-01-10 04:46:49 --> mysqli_sql_exception: Unknown column 'namadonatur' in 'field list' in C:\xampp2\htdocs\digitalmasjid\system\Database\MySQLi\Connection.php:306
Stack trace:
#0 C:\xampp2\htdocs\digitalmasjid\system\Database\MySQLi\Connection.php(306): mysqli->query('UPDATE `tbl_don...', 0)
#1 C:\xampp2\htdocs\digitalmasjid\system\Database\BaseConnection.php(692): CodeIgniter\Database\MySQLi\Connection->execute('UPDATE `tbl_don...')
#2 C:\xampp2\htdocs\digitalmasjid\system\Database\BaseConnection.php(606): CodeIgniter\Database\BaseConnection->simpleQuery('UPDATE `tbl_don...')
#3 C:\xampp2\htdocs\digitalmasjid\system\Database\BaseBuilder.php(2475): CodeIgniter\Database\BaseConnection->query('UPDATE `tbl_don...', Array, false)
#4 C:\xampp2\htdocs\digitalmasjid\app\Models\ModelDonatur.php(30): CodeIgniter\Database\BaseBuilder->update(Array, Array)
#5 C:\xampp2\htdocs\digitalmasjid\app\Controllers\Donatur.php(69): App\Models\ModelDonatur->updateData(Array, 'D001')
#6 C:\xampp2\htdocs\digitalmasjid\system\CodeIgniter.php(919): App\Controllers\Donatur->update()
#7 C:\xampp2\htdocs\digitalmasjid\system\CodeIgniter.php(494): CodeIgniter\CodeIgniter->runController(Object(App\Controllers\Donatur))
#8 C:\xampp2\htdocs\digitalmasjid\system\CodeIgniter.php(353): CodeIgniter\CodeIgniter->handleRequest(NULL, Object(Config\Cache), false)
#9 C:\xampp2\htdocs\digitalmasjid\public\index.php(79): CodeIgniter\CodeIgniter->run()
#10 C:\xampp2\htdocs\digitalmasjid\system\Commands\Server\rewrite.php(47): require_once('C:\\xampp2\\htdoc...')
#11 {main}
CRITICAL - 2024-01-10 04:46:49 --> Unknown column 'namadonatur' in 'field list'
in SYSTEMPATH\Database\BaseConnection.php on line 646.
 1 SYSTEMPATH\Database\BaseBuilder.php(2475): CodeIgniter\Database\BaseConnection->query('UPDATE `tbl_donatur` SET `namadonatur` = :namadonatur:, `alamat` = :alamat:, `nohp` = :nohp:
WHERE `iddonatur` = :iddonatur:', [...], false)
 2 APPPATH\Models\ModelDonatur.php(30): CodeIgniter\Database\BaseBuilder->update([...], [...])
 3 APPPATH\Controllers\Donatur.php(69): App\Models\ModelDonatur->updateData([...], 'D001')
 4 SYSTEMPATH\CodeIgniter.php(919): App\Controllers\Donatur->update()
 5 SYSTEMPATH\CodeIgniter.php(494): CodeIgniter\CodeIgniter->runController(Object(App\Controllers\Donatur))
 6 SYSTEMPATH\CodeIgniter.php(353): CodeIgniter\CodeIgniter->handleRequest(null, Object(Config\Cache), false)
 7 FCPATH\index.php(79): CodeIgniter\CodeIgniter->run()
 8 SYSTEMPATH\Commands\Server\rewrite.php(47): require_once('C:\\xampp2\\htdocs\\digitalmasjid\\public\\index.php')
INFO - 2024-01-10 04:47:19 --> Session: Class initialized using 'CodeIgniter\Session\Handlers\FileHandler' driver.
INFO - 2024-01-10 04:47:26 --> Session: Class initialized using 'CodeIgniter\Session\Handlers\FileHandler' driver.
INFO - 2024-01-10 04:48:11 --> Session: Class initialized using 'CodeIgniter\Session\Handlers\FileHandler' driver.
INFO - 2024-01-10 04:48:52 --> Session: Class initialized using 'CodeIgniter\Session\Handlers\FileHandler' driver.
INFO - 2024-01-10 05:01:40 --> Session: Class initialized using 'CodeIgniter\Session\Handlers\FileHandler' driver.
INFO - 2024-01-10 05:04:26 --> Session: Class initialized using 'CodeIgniter\Session\Handlers\FileHandler' driver.
INFO - 2024-01-10 05:05:37 --> Session: Class initialized using 'CodeIgniter\Session\Handlers\FileHandler' driver.
INFO - 2024-01-10 05:06:37 --> Session: Class initialized using 'CodeIgniter\Session\Handlers\FileHandler' driver.
INFO - 2024-01-10 05:25:20 --> Session: Class initialized using 'CodeIgniter\Session\Handlers\FileHandler' driver.
INFO - 2024-01-10 05:29:43 --> Session: Class initialized using 'CodeIgniter\Session\Handlers\FileHandler' driver.
INFO - 2024-01-10 05:34:04 --> Session: Class initialized using 'CodeIgniter\Session\Handlers\FileHandler' driver.
INFO - 2024-01-10 05:36:46 --> Session: Class initialized using 'CodeIgniter\Session\Handlers\FileHandler' driver.
INFO - 2024-01-10 05:37:38 --> Session: Class initialized using 'CodeIgniter\Session\Handlers\FileHandler' driver.
INFO - 2024-01-10 05:38:13 --> Session: Class initialized using 'CodeIgniter\Session\Handlers\FileHandler' driver.
INFO - 2024-01-10 05:48:33 --> Session: Class initialized using 'CodeIgniter\Session\Handlers\FileHandler' driver.
CRITICAL - 2024-01-10 05:50:47 --> Undefined index: nama
in APPPATH\Views\pengurus\v_kasmasuk.php on line 61.
 1 APPPATH\Views\pengurus\v_kasmasuk.php(61): CodeIgniter\Debug\Exceptions->errorHandler(8, 'Undefined index: nama', 'C:\\xampp2\\htdocs\\digitalmasjid\\app\\Views\\pengurus\\v_kasmasuk.php', 61, [...])
 2 SYSTEMPATH\View\View.php(226): include('C:\\xampp2\\htdocs\\digitalmasjid\\app\\Views\\pengurus\\v_kasmasuk.php')
 3 SYSTEMPATH\View\View.php(229): CodeIgniter\View\View->CodeIgniter\View\{closure}()
 4 SYSTEMPATH\Common.php(1188): CodeIgniter\View\View->render('pengurus/v_kasmasuk', [], true)
 5 APPPATH\Controllers\Kasmasuk.php(14): view('pengurus/v_kasmasuk', [...])
 6 SYSTEMPATH\CodeIgniter.php(919): App\Controllers\Kasmasuk->index()
 7 SYSTEMPATH\CodeIgniter.php(494): CodeIgniter\CodeIgniter->runController(Object(App\Controllers\Kasmasuk))
 8 SYSTEMPATH\CodeIgniter.php(353): CodeIgniter\CodeIgniter->handleRequest(null, Object(Config\Cache), false)
 9 FCPATH\index.php(79): CodeIgniter\CodeIgniter->run()
10 SYSTEMPATH\Commands\Server\rewrite.php(47): require_once('C:\\xampp2\\htdocs\\digitalmasjid\\public\\index.php')
INFO - 2024-01-10 05:51:47 --> Session: Class initialized using 'CodeIgniter\Session\Handlers\FileHandler' driver.
INFO - 2024-01-10 05:58:17 --> Session: Class initialized using 'CodeIgniter\Session\Handlers\FileHandler' driver.
INFO - 2024-01-10 05:58:35 --> Session: Class initialized using 'CodeIgniter\Session\Handlers\FileHandler' driver.
INFO - 2024-01-10 05:58:46 --> Session: Class initialized using 'CodeIgniter\Session\Handlers\FileHandler' driver.
INFO - 2024-01-10 06:00:52 --> Session: Class initialized using 'CodeIgniter\Session\Handlers\FileHandler' driver.
INFO - 2024-01-10 06:01:04 --> Session: Class initialized using 'CodeIgniter\Session\Handlers\FileHandler' driver.
INFO - 2024-01-10 06:01:57 --> Session: Class initialized using 'CodeIgniter\Session\Handlers\FileHandler' driver.
INFO - 2024-01-10 06:02:01 --> Session: Class initialized using 'CodeIgniter\Session\Handlers\FileHandler' driver.
INFO - 2024-01-10 06:02:15 --> Session: Class initialized using 'CodeIgniter\Session\Handlers\FileHandler' driver.
INFO - 2024-01-10 06:02:26 --> Session: Class initialized using 'CodeIgniter\Session\Handlers\FileHandler' driver.
INFO - 2024-01-10 06:02:52 --> Session: Class initialized using 'CodeIgniter\Session\Handlers\FileHandler' driver.
